<?xml version="1.0" encoding="UTF-8"?>
<!-- Generated by org.testng.reporters.JUnitReportReporter -->
<testsuite hostname="RohiniRK" failures="0" tests="1" name="demo.Github" time="0.016" errors="0" timestamp="2024-08-15T14:41:59 IST" skipped="0">
  <testcase classname="demo.Github" name="a1" time="0.016"/>
  <system-out/>
</testsuite> <!-- demo.Github -->
